2021/01/31 23:34:51 tag_id 标签 ID必须大于0
2021/01/31 23:34:51 title 标题不能为空
2021/01/31 23:34:51 desc 描述不能为空
2021/01/31 23:34:51 content 内容不能为空
2021/01/31 23:34:51 createdBy 创建人不能为空
2021/01/31 23:36:20 tag_id 标签 ID必须大于0
2021/01/31 23:36:20 title 标题不能为空
2021/01/31 23:36:20 desc 描述不能为空
2021/01/31 23:36:20 content 内容不能为空
2021/01/31 23:36:20 createdBy 创建人不能为空
[INFO][article.go:109]2021/01/31 23:39:43 tag_id 标签 ID必须大于0
[INFO][article.go:109]2021/01/31 23:39:43 title 标题不能为空
[INFO][article.go:109]2021/01/31 23:39:43 desc 描述不能为空
[INFO][article.go:109]2021/01/31 23:39:43 content 内容不能为空
[INFO][article.go:109]2021/01/31 23:39:43 createdBy 创建人不能为空
[INFO][article.go:109]2021/01/31 23:41:22 [tag_id 标签 ID必须大于0]
[INFO][article.go:109]2021/01/31 23:41:22 [title 标题不能为空]
[INFO][article.go:109]2021/01/31 23:41:22 [desc 描述不能为空]
[INFO][article.go:109]2021/01/31 23:41:22 [content 内容不能为空]
[INFO][article.go:109]2021/01/31 23:41:22 [createdBy 创建人不能为空]
